<?xml version="1.0" encoding="UTF-8"?>
<testsuite xmlns:xsi="http://www.w3.org/2001/XMLSchema-instance" xsi:noNamespaceSchemaLocation="https://maven.apache.org/surefire/maven-surefire-plugin/xsd/surefire-test-report-3.0.xsd" version="3.0" name="objetosPersistencia.CatalogoContenidosTest" time="0.031" tests="25" errors="0" skipped="0" failures="0">
  <properties>
[...]
</properties>
  <testcase name="testAgregarContenidoClaveNullLanzaExcepcion" classname="objetosPersistencia.CatalogoContenidosTest" time="0.001"/>
  <testcase name="testValidarContenidoAnioCreacionInvalidoDespuesFechaActualLanzaExcepcion" classname="objetosPersistencia.CatalogoContenidosTest" time="0.001"/>
  <testcase name="testValidarContenidoNullLanzaExcepcion" classname="objetosPersistencia.CatalogoContenidosTest" time="0.001"/>
  <testcase name="testConsultarContenidosPorNombreFuncionaCorrectamente" classname="objetosPersistencia.CatalogoContenidosTest" time="0.0"/>
  <testcase name="testAgregarContenidoAnioCreacionInvalidoDespuesFechaActualLanzaExcepcion" classname="objetosPersistencia.CatalogoContenidosTest" time="0.001"/>
  <testcase name="testEliminarContenidoFuncionaCorrectamente" classname="objetosPersistencia.CatalogoContenidosTest" time="0.001"/>
  <testcase name="testActualizarContenidoFuncionaCorrectamente" classname="objetosPersistencia.CatalogoContenidosTest" time="0.0"/>
  <testcase name="testEliminarContenidoNoExistenteLanzaExcepcion" classname="objetosPersistencia.CatalogoContenidosTest" time="0.001"/>
  <testcase name="testAgregarContenidoDuracionInvalidaMayor10HorasLanzaExcepcion" classname="objetosPersistencia.CatalogoContenidosTest" time="0.001"/>
  <testcase name="testConsultarContenidosPorClaveParecidaFuncionaCorrectamente" classname="objetosPersistencia.CatalogoContenidosTest" time="0.001"/>
  <testcase name="testValidarContenidoClaveNullLanzaExcepcion" classname="objetosPersistencia.CatalogoContenidosTest" time="0.001"/>
  <testcase name="testAgregarContenidoClaveFormatoInvalidoLanzaExcepcion" classname="objetosPersistencia.CatalogoContenidosTest" time="0.001"/>
  <testcase name="testActualizarContenidoNoExistenteLanzaExcepcion" classname="objetosPersistencia.CatalogoContenidosTest" time="0.001"/>
  <testcase name="testAgregarContenidoDuracionInvalidaMenorUnMintuoLanzaExcepcion" classname="objetosPersistencia.CatalogoContenidosTest" time="0.0"/>
  <testcase name="testValidarContenidoClaveFormatoInvalidoLanzaExcepcion" classname="objetosPersistencia.CatalogoContenidosTest" time="0.0"/>
  <testcase name="testConsultarContenidosFuncionaCorrectamente" classname="objetosPersistencia.CatalogoContenidosTest" time="0.0"/>
  <testcase name="testVerificarCatalogoContenidosVacioLanzaExcepcion" classname="objetosPersistencia.CatalogoContenidosTest" time="0.0"/>
  <testcase name="testValidarContenidoAnioCreacionPrevio1970InvalidoLanzaExcepcion" classname="objetosPersistencia.CatalogoContenidosTest" time="0.001"/>
  <testcase name="testValidarContenidoDuracionInvalidaMenorUnMinutoLanzaExcepcion" classname="objetosPersistencia.CatalogoContenidosTest" time="0.001"/>
  <testcase name="testValidarContenidoDuracionMayor10HorasInvalidaLanzaExcepcion" classname="objetosPersistencia.CatalogoContenidosTest" time="0.001"/>
  <testcase name="testConsultarContenidosPorAnioFuncionaCorrectamente" classname="objetosPersistencia.CatalogoContenidosTest" time="0.001"/>
  <testcase name="testAgregarContenidoAnioCreacionInvalidoPrevio1970LanzaExcepcion" classname="objetosPersistencia.CatalogoContenidosTest" time="0.001"/>
  <testcase name="testAgregarContenidoFuncionaCorrectamente" classname="objetosPersistencia.CatalogoContenidosTest" time="0.0"/>
  <testcase name="testConsultarContenidosPorClaveNoParecidaDevuelveListaVacia" classname="objetosPersistencia.CatalogoContenidosTest" time="0.001"/>
  <testcase name="testAgregarContenidoNullLanzaExcepcion" classname="objetosPersistencia.CatalogoContenidosTest" time="0.0"/>
</testsuite>