<?xml version="1.0" encoding="UTF-8"?>
<testsuite xmlns:xsi="http://www.w3.org/2001/XMLSchema-instance" xsi:noNamespaceSchemaLocation="https://maven.apache.org/surefire/maven-surefire-plugin/xsd/surefire-test-report-3.0.xsd" version="3.0" name="objetosPersistencia.HistorialReproduccionesCancionesTest" time="0.032" tests="27" errors="0" skipped="0" failures="0">
  <properties>
[...]
</properties>
  <testcase name="testActualizarReproduccionCancionCompletaLanzaExcepcion" classname="objetosPersistencia.HistorialReproduccionesCancionesTest" time="0.002"/>
  <testcase name="testAgregarReproduccionCancionCancionNullLanzaExcepcion" classname="objetosPersistencia.HistorialReproduccionesCancionesTest" time="0.001"/>
  <testcase name="testAgregarReproduccionCancionFechaMasUnMesAntiguedadLanzaExcepcion" classname="objetosPersistencia.HistorialReproduccionesCancionesTest" time="0.001"/>
  <testcase name="testAgregarReproduccionCancionFechaDespuesDeLaActualLanzaExcepcion" classname="objetosPersistencia.HistorialReproduccionesCancionesTest" time="0.001"/>
  <testcase name="testValidarReproduccionCancionFormatoClaveInvalidoLanzaExcepcion" classname="objetosPersistencia.HistorialReproduccionesCancionesTest" time="0.001"/>
  <testcase name="testValidarReproduccionCancionFechaMasUnMesAntiguedadLanzaExcepcion" classname="objetosPersistencia.HistorialReproduccionesCancionesTest" time="0.001"/>
  <testcase name="testConsultarReproduccionCancionPorClaveFuncionaCorrectamente" classname="objetosPersistencia.HistorialReproduccionesCancionesTest" time="0.001"/>
  <testcase name="testAgregarReproduccionCancionFuncionaCorrectamente" classname="objetosPersistencia.HistorialReproduccionesCancionesTest" time="0.001"/>
  <testcase name="testValidarReproduccionCancionClaveNullLanzaExcepcion" classname="objetosPersistencia.HistorialReproduccionesCancionesTest" time="0.001"/>
  <testcase name="testActualizarReproduccionCancionInexistenteLanzaExcepcion" classname="objetosPersistencia.HistorialReproduccionesCancionesTest" time="0.001"/>
  <testcase name="testConsultarReproduccionesCancionesPorPeriodoFuncionaCorrectamente" classname="objetosPersistencia.HistorialReproduccionesCancionesTest" time="0.001"/>
  <testcase name="testContadorReproduccionesCompletasFuncionaCorrectamente" classname="objetosPersistencia.HistorialReproduccionesCancionesTest" time="0.0"/>
  <testcase name="testAgregarReproduccionCancionClaveNullLanzaExcepcion" classname="objetosPersistencia.HistorialReproduccionesCancionesTest" time="0.001"/>
  <testcase name="testActualizarReproduccionCancionFuncionaCorrectamente" classname="objetosPersistencia.HistorialReproduccionesCancionesTest" time="0.001"/>
  <testcase name="testValidarReproduccionCancionFechaDespuesDeLaActualLanzaExcepcion" classname="objetosPersistencia.HistorialReproduccionesCancionesTest" time="0.001"/>
  <testcase name="testConsultarReproduccionesCancionesPorClaveCancionFuncionaCorrectamente" classname="objetosPersistencia.HistorialReproduccionesCancionesTest" time="0.001"/>
  <testcase name="testValidarReproduccionCancionCancionNullLanzaExcepcion" classname="objetosPersistencia.HistorialReproduccionesCancionesTest" time="0.001"/>
  <testcase name="testAgregarReproduccionCancionAtributoCompletaNullLanzaExcepcion" classname="objetosPersistencia.HistorialReproduccionesCancionesTest" time="0.0"/>
  <testcase name="testConsultarReproduccionesCancionesVacioLanzaExcepcion" classname="objetosPersistencia.HistorialReproduccionesCancionesTest" time="0.0"/>
  <testcase name="testConsultarReproduccionesCancionesPorAutorFuncionaCorrectamente" classname="objetosPersistencia.HistorialReproduccionesCancionesTest" time="0.001"/>
  <testcase name="testLimiteDiarioReproduccionesCompletasLanzaExcepcion" classname="objetosPersistencia.HistorialReproduccionesCancionesTest" time="0.003"/>
  <testcase name="testValidarReproduccionCancionFechaNullLanzaExcepcion" classname="objetosPersistencia.HistorialReproduccionesCancionesTest" time="0.001"/>
  <testcase name="testAgregarReproduccionCancionFechaNullLanzaExcepcion" classname="objetosPersistencia.HistorialReproduccionesCancionesTest" time="0.0"/>
  <testcase name="testAgregarReproduccionCancionFormatoClaveInvalidoLanzaExcepcion" classname="objetosPersistencia.HistorialReproduccionesCancionesTest" time="0.0"/>
  <testcase name="testConsultarReproduccionesCancionesFuncionaCorrectamente" classname="objetosPersistencia.HistorialReproduccionesCancionesTest" time="0.001"/>
  <testcase name="testValidarReproduccionCancionAtributoCompletaNullLanzaExcepcion" classname="objetosPersistencia.HistorialReproduccionesCancionesTest" time="0.0"/>
  <testcase name="testAgregarReproduccionCancionExistenteLanzaExcepcion" classname="objetosPersistencia.HistorialReproduccionesCancionesTest" time="0.0"/>
</testsuite>